<?xml version="1.0" encoding="UTF-8"?>
<!-- Generated by org.testng.reporters.JUnitReportReporter -->
<testsuite hostname="Rohit" failures="0" tests="1" name="webform_test.WebFormTest" time="19.491" errors="0" timestamp="2024-06-20T15:03:05 IST" skipped="0">
  <testcase classname="webform_test.WebFormTest" name="checkWhetherUserIsAbleToFillTheForm" time="19.491"/>
</testsuite> <!-- webform_test.WebFormTest -->
