<?xml version="1.0" encoding="UTF-8"?>
<!-- Generated by org.testng.reporters.JUnitReportReporter -->
<testsuite hostname="Rohit" failures="0" tests="1" name="com.example.framework.google.GooglePageTest" time="19.217" errors="0" timestamp="2024-06-18T23:47:56 IST" skipped="0">
  <testcase classname="com.example.framework.google.GooglePageTest" name="fetchTheTextOfSearchResults" time="19.217"/>
</testsuite> <!-- com.example.framework.google.GooglePageTest -->
