<?xml version="1.0" encoding="UTF-8"?>
<!-- Generated by org.testng.reporters.JUnitReportReporter -->
<testsuite hostname="Rohit" failures="0" tests="1" name="datadriventestingconcept.WriteAndReadDataIntoTheExcelSheet" time="2.985" errors="0" timestamp="2024-06-03T16:17:02 IST" skipped="0">
  <testcase classname="datadriventestingconcept.WriteAndReadDataIntoTheExcelSheet" name="checkWhetherTheUserIsAbleToWriteAndReadDataIntoTheExcelSheet" time="2.985"/>
</testsuite> <!-- datadriventestingconcept.WriteAndReadDataIntoTheExcelSheet -->
