<?xml version="1.0" encoding="UTF-8"?>
<!-- Generated by org.testng.reporters.JUnitReportReporter -->
<testsuite hostname="Rohit" failures="0" tests="7" name="testngbasics.AnnotationsAndArguments" time="0.095" errors="0" timestamp="2024-06-01T12:19:18 IST" skipped="1">
  <testcase classname="testngbasics.AnnotationsAndArguments" name="login" time="0.016"/>
  <testcase classname="testngbasics.AnnotationsAndArguments" name="product" time="0.016"/>
  <testcase classname="testngbasics.AnnotationsAndArguments" name="home" time="0.016"/>
  <testcase classname="testngbasics.AnnotationsAndArguments" name="payment" time="0.016"/>
  <testcase classname="testngbasics.AnnotationsAndArguments" name="logout" time="0.015"/>
  <testcase classname="testngbasics.AnnotationsAndArguments" name="logout" time="0.016"/>
  <testcase classname="testngbasics.AnnotationsAndArguments" name="addToCart">
    <skipped/>
  </testcase> <!-- addToCart -->
</testsuite> <!-- testngbasics.AnnotationsAndArguments -->
