<?xml version="1.0" encoding="UTF-8"?>
<!-- Generated by org.testng.reporters.JUnitReportReporter -->
<testsuite hostname="Rohit" failures="0" tests="4" name="testngbasics.Group01" time="0.032" errors="0" timestamp="2024-06-01T12:19:18 IST" skipped="0">
  <testcase classname="testngbasics.Group01" name="profile" time="0.016"/>
  <testcase classname="testngbasics.Group01" name="login" time="0.016"/>
  <testcase classname="testngbasics.Group01" name="logout" time="0.000"/>
  <testcase classname="testngbasics.Group01" name="forgottenPwd" time="0.000"/>
</testsuite> <!-- testngbasics.Group01 -->
