<?xml version="1.0" encoding="UTF-8"?>
<!-- Generated by org.testng.reporters.JUnitReportReporter -->
<testsuite hostname="Rohit" failures="0" tests="1" name="trelloapp_test.TrelloAppTest" time="86.746" errors="0" timestamp="2024-06-20T21:42:40 IST" skipped="0">
  <testcase classname="trelloapp_test.TrelloAppTest" name="checkWhetherTheEndUserIsAbleToCreateABoard" time="86.746"/>
</testsuite> <!-- trelloapp_test.TrelloAppTest -->
