<?xml version="1.0" encoding="UTF-8"?>
<!-- Generated by org.testng.reporters.JUnitReportReporter -->
<testsuite hostname="Rohit" failures="0" tests="1" name="selenium4.HandlingPopups" time="25.596" errors="0" timestamp="2024-06-05T14:38:25 IST" skipped="0">
  <testcase classname="selenium4.HandlingPopups" name="checkWhetherTheUserIsAbleToHandleAlertPopup" time="25.596"/>
</testsuite> <!-- selenium4.HandlingPopups -->
