<?xml version="1.0" encoding="UTF-8"?>
<!-- Generated by org.testng.reporters.JUnitReportReporter -->
<testsuite hostname="Rohit" failures="0" tests="1" name="extras.UsingSeleniumTest" time="8.898" errors="0" timestamp="2024-06-06T09:18:51 IST" skipped="0">
  <testcase classname="extras.UsingSeleniumTest" name="eightComponents" time="8.898"/>
</testsuite> <!-- extras.UsingSeleniumTest -->
