<?xml version="1.0" encoding="UTF-8"?>
<!-- Generated by org.testng.reporters.JUnitReportReporter -->
<testsuite hostname="Rohit" failures="0" tests="3" name="testngbasic.Group02" time="0.046" errors="0" timestamp="2024-05-30T11:37:48 IST" skipped="0">
  <testcase classname="testngbasic.Group02" name="friendRequest" time="0.016"/>
  <testcase classname="testngbasic.Group02" name="createNewAccount" time="0.015"/>
  <testcase classname="testngbasic.Group02" name="home" time="0.015"/>
</testsuite> <!-- testngbasic.Group02 -->
