<?xml version="1.0" encoding="UTF-8"?>
<!-- Generated by org.testng.reporters.JUnitReportReporter -->
<testsuite hostname="Rohit" failures="0" tests="1" name="testngbasics.Demo" time="0.025" errors="0" timestamp="2024-06-01T10:14:55 IST" skipped="0">
  <testcase classname="testngbasics.Demo" name="checkBaseClass" time="0.025"/>
</testsuite> <!-- testngbasics.Demo -->
