<?xml version="1.0" encoding="UTF-8"?>
<!-- Generated by org.testng.reporters.JUnitReportReporter -->
<testsuite hostname="Rohit" failures="0" tests="1" name="extra.GetDataFromTable" time="21.700" errors="0" timestamp="2024-06-16T23:32:28 IST" skipped="0">
  <testcase classname="extra.GetDataFromTable" name="checkWhetherTheUserIsAbleToFetchDataFromTheTable" time="21.700"/>
</testsuite> <!-- extra.GetDataFromTable -->
