<?xml version="1.0" encoding="UTF-8"?>
<!-- Generated by org.testng.reporters.JUnitReportReporter -->
<testsuite hostname="Rohit" failures="0" tests="3" name="testngbasic.Group03" time="0.015" errors="0" timestamp="2024-05-30T11:37:48 IST" skipped="0">
  <testcase classname="testngbasic.Group03" name="product" time="0.015"/>
  <testcase classname="testngbasic.Group03" name="signup" time="0.000"/>
  <testcase classname="testngbasic.Group03" name="payment" time="0.000"/>
</testsuite> <!-- testngbasic.Group03 -->
