<?xml version="1.0" encoding="UTF-8"?>
<!-- Generated by org.testng.reporters.JUnitReportReporter -->
<testsuite hostname="Rohit" failures="0" tests="1" name="selenium4.UsingSeleniumTest" time="10.648" errors="0" timestamp="2024-05-30T19:36:27 IST" skipped="0">
  <testcase classname="selenium4.UsingSeleniumTest" name="eightComponents" time="10.648"/>
</testsuite> <!-- selenium4.UsingSeleniumTest -->
