<?xml version="1.0" encoding="UTF-8"?>
<!-- Generated by org.testng.reporters.JUnitReportReporter -->
<testsuite hostname="Rohit" failures="0" tests="1" name="datadriventesting.ReadTheDataFromPropertyFile2" time="7.393" errors="0" timestamp="2024-05-31T11:40:00 IST" skipped="0">
  <testcase classname="datadriventesting.ReadTheDataFromPropertyFile2" name="checkWhetherTheUserIsAbleToReadFromPropertyFileForLogin" time="7.393"/>
</testsuite> <!-- datadriventesting.ReadTheDataFromPropertyFile2 -->
