<?xml version="1.0" encoding="UTF-8"?>
<!-- Generated by org.testng.reporters.JUnitReportReporter -->
<testsuite hostname="Rohit" failures="0" tests="1" name="trelloapp_test.TrelloAppTest" time="50.708" errors="0" timestamp="2024-06-20T09:39:41 IST" skipped="0">
  <testcase classname="trelloapp_test.TrelloAppTest" name="writeAScriptToCheckClickHoldAndReleaseFunctionalityWithCardsAndListsInTrelloBoardsPage" time="50.708"/>
</testsuite> <!-- trelloapp_test.TrelloAppTest -->
