<?xml version="1.0" encoding="UTF-8"?>
<!-- Generated by org.testng.reporters.JUnitReportReporter -->
<testsuite hostname="Rohit" failures="0" tests="1" name="selenium4.LearningMethodsOfWebDriver" time="15.012" errors="0" timestamp="2024-06-16T23:48:56 IST" skipped="0">
  <testcase classname="selenium4.LearningMethodsOfWebDriver" name="writeAScriptToDoMaximizeMinimizeAndFullscreenOpsOnWindow" time="15.012"/>
</testsuite> <!-- selenium4.LearningMethodsOfWebDriver -->
