<?xml version="1.0" encoding="UTF-8"?>
<!-- Generated by org.testng.reporters.JUnitReportReporter -->
<testsuite hostname="Rohit" failures="0" tests="1" name="com.example.framework.webform.WebFormTest" time="23.507" errors="0" timestamp="2024-06-19T00:50:06 IST" skipped="0">
  <testcase classname="com.example.framework.webform.WebFormTest" name="checkWhetherUserIsAbleToFillTheForm" time="23.507"/>
</testsuite> <!-- com.example.framework.webform.WebFormTest -->
