<?xml version="1.0" encoding="UTF-8"?>
<!-- Generated by org.testng.reporters.JUnitReportReporter -->
<testsuite hostname="Rohit" failures="0" tests="1" name="trelloapp_test.TrelloAppTest" time="54.042" errors="0" timestamp="2024-06-20T14:18:32 IST" skipped="0">
  <testcase classname="trelloapp_test.TrelloAppTest" name="writeAScriptToCheckClickHoldAndReleaseFunctionalityWithCardsAndListsInTrelloBoardsPage" time="54.042"/>
</testsuite> <!-- trelloapp_test.TrelloAppTest -->
