<?xml version="1.0" encoding="UTF-8"?>
<!-- Generated by org.testng.reporters.JUnitReportReporter -->
<testsuite hostname="Rohit" failures="0" tests="3" name="testngbasics.Group02" time="0.032" errors="0" timestamp="2024-06-01T12:19:18 IST" skipped="0">
  <testcase classname="testngbasics.Group02" name="home" time="0.000"/>
  <testcase classname="testngbasics.Group02" name="createNewAccount" time="0.016"/>
  <testcase classname="testngbasics.Group02" name="friendRequest" time="0.016"/>
</testsuite> <!-- testngbasics.Group02 -->
