<?xml version="1.0" encoding="UTF-8"?>
<!-- Generated by org.testng.reporters.JUnitReportReporter -->
<testsuite hostname="Rohit" failures="0" tests="1" name="com.framework.facebook.FacebookSignupTest" time="16.460" errors="0" timestamp="2024-06-01T12:14:44 IST" skipped="0">
  <testcase classname="com.framework.facebook.FacebookSignupTest" name="checkWhetherTheUserIsAbleToRegisterInFacebookSignUpPage" time="16.460"/>
</testsuite> <!-- com.framework.facebook.FacebookSignupTest -->
