<?xml version="1.0" encoding="UTF-8"?>
<!-- Generated by org.testng.reporters.JUnitReportReporter -->
<testsuite hostname="Rohit" failures="0" tests="1" name="selenium4.HandlingDropdowns" time="20.050" errors="0" timestamp="2024-06-08T09:53:47 IST" skipped="0">
  <testcase classname="selenium4.HandlingDropdowns" name="writeAScriptToIdentifyTheTypeOfDropdown02" time="20.050"/>
</testsuite> <!-- selenium4.HandlingDropdowns -->
