<?xml version="1.0" encoding="UTF-8"?>
<!-- Generated by org.testng.reporters.JUnitReportReporter -->
<testsuite hostname="Rohit" failures="0" tests="1" name="selenium4.UsageOfFindElements" time="39.748" errors="0" timestamp="2024-06-13T22:47:32 IST" skipped="0">
  <testcase classname="selenium4.UsageOfFindElements" name="writeAScriptToFindElementsFromElement" time="39.748"/>
</testsuite> <!-- selenium4.UsageOfFindElements -->
