<?xml version="1.0" encoding="UTF-8"?>
<!-- Generated by org.testng.reporters.JUnitReportReporter -->
<testsuite hostname="Rohit" failures="0" tests="2" name="com.example.framework.facebook.FacebookTest" time="22.403" errors="0" timestamp="2024-06-18T23:42:23 IST" skipped="1">
  <testcase classname="com.example.framework.facebook.FacebookTest" name="writeAScriptToEnterDataAndLoginIntoFacebookLoginPage" time="22.403"/>
  <testcase classname="com.example.framework.facebook.FacebookTest" name="WriteAScriptToTestForgotPassword">
    <skipped/>
  </testcase> <!-- WriteAScriptToTestForgotPassword -->
</testsuite> <!-- com.example.framework.facebook.FacebookTest -->
