<?xml version="1.0" encoding="UTF-8"?>
<!-- Generated by org.testng.reporters.JUnitReportReporter -->
<testsuite hostname="Rohit" failures="0" tests="1" name="trelloapp.TrelloAppTest" time="29.889" errors="0" timestamp="2024-06-21T09:54:57 IST" skipped="0">
  <testcase classname="trelloapp.TrelloAppTest" name="checkWhetherTheEndUserIsAbleToLogin" time="29.889"/>
</testsuite> <!-- trelloapp.TrelloAppTest -->
