<?xml version="1.0" encoding="UTF-8"?>
<!-- Generated by org.testng.reporters.JUnitReportReporter -->
<testsuite hostname="Rohit" failures="0" tests="1" name="testngbasics.Implementation" time="20.172" errors="0" timestamp="2024-06-03T09:54:21 IST" skipped="0">
  <testcase classname="testngbasics.Implementation" name="loginToFacebook" time="20.172"/>
</testsuite> <!-- testngbasics.Implementation -->
