<?xml version="1.0" encoding="UTF-8"?>
<!-- Generated by org.testng.reporters.JUnitReportReporter -->
<testsuite hostname="Rohit" failures="0" tests="1" name="selenium4.LearningMethodsOfWebElement" time="38.126" errors="0" timestamp="2024-06-05T16:06:11 IST" skipped="0">
  <testcase classname="selenium4.LearningMethodsOfWebElement" name="writeAScriptToFindElementsFromElement" time="38.126"/>
</testsuite> <!-- selenium4.LearningMethodsOfWebElement -->
