<?xml version="1.0" encoding="UTF-8"?>
<!-- Generated by org.testng.reporters.JUnitReportReporter -->
<testsuite hostname="Rohit" failures="0" tests="2" name="testngbasic.Implementation" time="32.255" errors="0" timestamp="2024-05-30T11:37:48 IST" skipped="0">
  <testcase classname="testngbasic.Implementation" name="loginToFacebook" time="11.652"/>
  <testcase classname="testngbasic.Implementation" name="loginToVtiger" time="20.603"/>
</testsuite> <!-- testngbasic.Implementation -->
