<?xml version="1.0" encoding="UTF-8"?>
<!-- Generated by org.testng.reporters.JUnitReportReporter -->
<testsuite hostname="Rohit" failures="0" tests="1" name="selenium4.ActiveElements" time="14.010" errors="0" timestamp="2024-06-05T20:44:50 IST" skipped="0">
  <testcase classname="selenium4.ActiveElements" name="writeAScriptToEnterTheDataToActiveElement" time="14.010"/>
</testsuite> <!-- selenium4.ActiveElements -->
