<?xml version="1.0" encoding="UTF-8"?>
<!-- Generated by org.testng.reporters.JUnitReportReporter -->
<testsuite hostname="Rohit" failures="0" tests="1" name="datadriventestingconcept.ReadTheDataFromPropertyFile2" time="12.130" errors="0" timestamp="2024-06-03T16:34:51 IST" skipped="0">
  <testcase classname="datadriventestingconcept.ReadTheDataFromPropertyFile2" name="checkWhetherTheUserIsAbleToReadFromPropertyFileForLogin" time="12.130"/>
</testsuite> <!-- datadriventestingconcept.ReadTheDataFromPropertyFile2 -->
