<?xml version="1.0" encoding="UTF-8"?>
<!-- Generated by org.testng.reporters.JUnitReportReporter -->
<testsuite hostname="Rohit" failures="0" tests="1" name="selenium4.LearningMethodsOfActionsClass" time="17.210" errors="0" timestamp="2024-05-30T19:52:58 IST" skipped="0">
  <testcase classname="selenium4.LearningMethodsOfActionsClass" name="writeAScriptToHAandleTheSliderEle" time="17.210"/>
</testsuite> <!-- selenium4.LearningMethodsOfActionsClass -->
