<?xml version="1.0" encoding="UTF-8"?>
<!-- Generated by org.testng.reporters.JUnitReportReporter -->
<testsuite hostname="Rohit" failures="0" tests="1" name="google.GooglePageTest" time="17.330" errors="0" timestamp="2024-06-21T17:23:30 IST" skipped="0">
  <testcase classname="google.GooglePageTest" name="fetchTheTextOfSearchResults" time="17.330"/>
</testsuite> <!-- google.GooglePageTest -->
