<?xml version="1.0" encoding="UTF-8"?>
<!-- Generated by org.testng.reporters.JUnitReportReporter -->
<testsuite hostname="Rohit" failures="0" tests="1" name="selenium4.SearchContextAndActiveElementUsage" time="13.600" errors="0" timestamp="2024-06-05T19:49:02 IST" skipped="0">
  <testcase classname="selenium4.SearchContextAndActiveElementUsage" name="countNumberOfFramesInAWebpage" time="13.600"/>
</testsuite> <!-- selenium4.SearchContextAndActiveElementUsage -->
