<?xml version="1.0" encoding="UTF-8"?>
<!-- Generated by org.testng.reporters.JUnitReportReporter -->
<testsuite hostname="Rohit" failures="0" tests="3" name="facebook.FacebookTest" time="26.058" errors="0" timestamp="2024-06-23T23:59:09 IST" skipped="1">
  <testcase classname="facebook.FacebookTest" name="checkWhetherTheUserIsAbleToRegisterInFacebookSignUpPage" time="9.907">
    <system-out>
      <![CDATA[Sign up for Facebook | Facebook]]>
    </system-out>
  </testcase> <!-- checkWhetherTheUserIsAbleToRegisterInFacebookSignUpPage -->
  <testcase classname="facebook.FacebookTest" name="checkWhetherTheUserIsAbleToRegisterInFacebookSignUpPage" time="16.151">
    <system-out>
      <![CDATA[Sign up for Facebook | Facebook]]>
    </system-out>
  </testcase> <!-- checkWhetherTheUserIsAbleToRegisterInFacebookSignUpPage -->
  <testcase classname="facebook.FacebookTest" name="WriteAScriptToTestForgotPassword">
    <skipped/>
  </testcase> <!-- WriteAScriptToTestForgotPassword -->
  <system-out>
    <![CDATA[Sign up for Facebook | Facebook
Sign up for Facebook | Facebook]]>
  </system-out>
</testsuite> <!-- facebook.FacebookTest -->
