<?xml version="1.0" encoding="UTF-8"?>
<!-- Generated by org.testng.reporters.JUnitReportReporter -->
<testsuite hostname="Rohit" failures="0" tests="2" name="com.example.facebook.FacebookTest" time="95.214" errors="0" timestamp="2024-06-01T16:58:44 IST" skipped="1">
  <testcase classname="com.example.facebook.FacebookTest" name="writeAScriptToEnterDataAndLoginIntoFacebookLoginPage" time="95.214"/>
  <testcase classname="com.example.facebook.FacebookTest" name="WriteAScriptToTestForgotPassword">
    <skipped/>
  </testcase> <!-- WriteAScriptToTestForgotPassword -->
</testsuite> <!-- com.example.facebook.FacebookTest -->
