<?xml version="1.0" encoding="UTF-8"?>
<!-- Generated by org.testng.reporters.JUnitReportReporter -->
<testsuite hostname="Rohit" failures="0" tests="1" name="datadriventesting.ReadTheDataFromExcelSheet" time="7.257" errors="0" timestamp="2024-05-31T11:38:40 IST" skipped="0">
  <testcase classname="datadriventesting.ReadTheDataFromExcelSheet" name="writeAScriptToReadDataFromExcelSheet" time="7.257"/>
</testsuite> <!-- datadriventesting.ReadTheDataFromExcelSheet -->
