<?xml version="1.0" encoding="UTF-8"?>
<!-- Generated by org.testng.reporters.JUnitReportReporter -->
<testsuite hostname="Rohit" failures="0" tests="1" name="extras.WebFormTest" time="24.762" errors="0" timestamp="2024-06-12T19:21:23 IST" skipped="0">
  <testcase classname="extras.WebFormTest" name="checkWhetherUserIsAbleToFillTheForm" time="24.762"/>
</testsuite> <!-- extras.WebFormTest -->
