<?xml version="1.0" encoding="UTF-8"?>
<!-- Generated by org.testng.reporters.JUnitReportReporter -->
<testsuite hostname="Rohit" failures="0" tests="7" name="testngbasic.AnnotationsAndArguments" time="0.109" errors="0" timestamp="2024-05-30T11:37:48 IST" skipped="1">
  <testcase classname="testngbasic.AnnotationsAndArguments" name="login" time="0.016"/>
  <testcase classname="testngbasic.AnnotationsAndArguments" name="product" time="0.016"/>
  <testcase classname="testngbasic.AnnotationsAndArguments" name="home" time="0.016"/>
  <testcase classname="testngbasic.AnnotationsAndArguments" name="payment" time="0.015"/>
  <testcase classname="testngbasic.AnnotationsAndArguments" name="logout" time="0.015"/>
  <testcase classname="testngbasic.AnnotationsAndArguments" name="logout" time="0.031"/>
  <testcase classname="testngbasic.AnnotationsAndArguments" name="addToCart">
    <skipped/>
  </testcase> <!-- addToCart -->
</testsuite> <!-- testngbasic.AnnotationsAndArguments -->
