<?xml version="1.0" encoding="UTF-8"?>
<!-- Generated by org.testng.reporters.JUnitReportReporter -->
<testsuite hostname="Rohit" failures="0" tests="1" name="revising.MouseActions" time="23.315" errors="0" timestamp="2024-06-06T21:52:32 IST" skipped="0">
  <testcase classname="revising.MouseActions" name="writeAScriptToDragAndDropAnElementByUsingDragAndDropMethod02" time="23.315"/>
</testsuite> <!-- revising.MouseActions -->
