<?xml version="1.0" encoding="UTF-8"?>
<!-- Generated by org.testng.reporters.JUnitReportReporter -->
<testsuite hostname="Rohit" failures="0" tests="1" name="selenium4.HandlingFrames" time="15.498" errors="0" timestamp="2024-06-06T21:38:15 IST" skipped="0">
  <testcase classname="selenium4.HandlingFrames" name="writeAScriptToClickOnAButtonInTheInnermostFrame" time="15.498"/>
</testsuite> <!-- selenium4.HandlingFrames -->
