<?xml version="1.0" encoding="UTF-8"?>
<!-- Generated by org.testng.reporters.JUnitReportReporter -->
<testsuite hostname="Rohit" failures="0" tests="1" name="sampleform.WebFormTest" time="15.439" errors="0" timestamp="2024-06-21T17:41:13 IST" skipped="0">
  <testcase classname="sampleform.WebFormTest" name="checkWhetherUserIsAbleToFillTheForm" time="15.439"/>
</testsuite> <!-- sampleform.WebFormTest -->
