<?xml version="1.0" encoding="UTF-8"?>
<!-- Generated by org.testng.reporters.JUnitReportReporter -->
<testsuite hostname="Rohit" failures="0" tests="1" name="selenium4.FacebookLoginPageTest" time="25.344" errors="0" timestamp="2024-05-31T13:12:27 IST" skipped="0">
  <testcase classname="selenium4.FacebookLoginPageTest" name="writeAScriptToEnterDataIntoFacebookLoginPage" time="25.344"/>
</testsuite> <!-- selenium4.FacebookLoginPageTest -->
