<?xml version="1.0" encoding="UTF-8"?>
<!-- Generated by org.testng.reporters.JUnitReportReporter -->
<testsuite hostname="Rohit" failures="0" tests="1" name="com.framework.facebook.FacebookTest" time="15.154" errors="0" timestamp="2024-06-01T09:51:59 IST" skipped="0">
  <testcase classname="com.framework.facebook.FacebookTest" name="checkWhetherTheUserIsAbleToRegisterInFacebookSignUpPage" time="15.154"/>
</testsuite> <!-- com.framework.facebook.FacebookTest -->
