<?xml version="1.0" encoding="UTF-8"?>
<!-- Generated by org.testng.reporters.JUnitReportReporter -->
<testsuite hostname="Rohit" failures="0" tests="1" name="com.example.framework.database.DatabaseTest" time="0.336" errors="0" timestamp="2024-06-16T22:56:22 IST" skipped="0">
  <testcase classname="com.example.framework.database.DatabaseTest" name="testDatabase" time="0.336"/>
</testsuite> <!-- com.example.framework.database.DatabaseTest -->
