<?xml version="1.0" encoding="UTF-8"?>
<!-- Generated by org.testng.reporters.JUnitReportReporter -->
<testsuite hostname="Rohit" failures="0" tests="2" name="com.framework.facebook.FacebookLoginTest" time="16.888" errors="0" timestamp="2024-06-01T12:09:04 IST" skipped="1">
  <testcase classname="com.framework.facebook.FacebookLoginTest" name="writeAScriptToEnterDataAndLoginIntoFacebookLoginPage" time="16.888"/>
  <testcase classname="com.framework.facebook.FacebookLoginTest" name="scriptForFacebookLoginWithInvalidData">
    <skipped/>
  </testcase> <!-- scriptForFacebookLoginWithInvalidData -->
</testsuite> <!-- com.framework.facebook.FacebookLoginTest -->
