<?xml version="1.0" encoding="UTF-8"?>
<!-- Generated by org.testng.reporters.JUnitReportReporter -->
<testsuite hostname="Rohit" failures="0" tests="1" name="extras.ReadAndWriteExcelDataIn2DArray" time="2.111" errors="0" timestamp="2024-05-31T11:41:06 IST" skipped="0">
  <testcase classname="extras.ReadAndWriteExcelDataIn2DArray" name="checkWhetherTheUserIsAbleToWriteTheDataIn2DArray" time="2.111"/>
</testsuite> <!-- extras.ReadAndWriteExcelDataIn2DArray -->
