<?xml version="1.0" encoding="UTF-8"?>
<!-- Generated by org.testng.reporters.JUnitReportReporter -->
<testsuite hostname="Rohit" failures="0" tests="4" name="testngbasic.Group01" time="0.031" errors="0" timestamp="2024-05-30T11:37:48 IST" skipped="0">
  <testcase classname="testngbasic.Group01" name="forgottenPwd" time="0.016"/>
  <testcase classname="testngbasic.Group01" name="profile" time="0.015"/>
  <testcase classname="testngbasic.Group01" name="logout" time="0.000"/>
  <testcase classname="testngbasic.Group01" name="login" time="0.000"/>
</testsuite> <!-- testngbasic.Group01 -->
