<?xml version="1.0" encoding="UTF-8"?>
<!-- Generated by org.testng.reporters.JUnitReportReporter -->
<testsuite hostname="Rohit" failures="0" tests="1" name="selenium4.JavascriptExecutorUsage" time="50.912" errors="0" timestamp="2024-06-07T12:18:36 IST" skipped="0">
  <testcase classname="selenium4.JavascriptExecutorUsage" name="writeAScriptToScrollWebpageByUsingJSE01" time="50.912"/>
</testsuite> <!-- selenium4.JavascriptExecutorUsage -->
